<?xml version="1.0" encoding="UTF-8"?>
<!-- Generated by org.testng.reporters.JUnitXMLReporter -->
<testsuite hostname="BSD-PC2964440" name="Test" tests="1" failures="1" timestamp="26 Apr 2016 12:02:59 GMT" time="16.3" errors="0">
  <testcase name="verifyTitle" time="0.013" classname="testPkg.HomepageTest">
    <failure type="java.lang.NullPointerException">
      <![CDATA[java.lang.NullPointerException
	at testPkg.HomepageTest.verifyTitle(HomepageTest.java:33)
... Removed 24 stack frames]]>
    </failure>
  </testcase> <!-- verifyTitle -->
</testsuite> <!-- Test -->
