<?xml version="1.0" encoding="UTF-8"?>
<testng-results skipped="0" failed="0" total="1" passed="1">
  <reporter-output>
  </reporter-output>
  <suite name="Default suite" duration-ms="13175" started-at="2016-04-26T12:09:56Z" finished-at="2016-04-26T12:10:10Z">
    <groups>
    </groups>
    <test name="Default test" duration-ms="13175" started-at="2016-04-26T12:09:56Z" finished-at="2016-04-26T12:10:10Z">
      <class name="testPkg.HomepageTest">
        <test-method status="PASS" signature="openBrowser()[pri:0, instance:testPkg.HomepageTest@77b52d12]" name="openBrowser" is-config="true" duration-ms="11136" started-at="2016-04-26T17:39:56Z" finished-at="2016-04-26T17:40:07Z">
          <reporter-output>
          </reporter-output>
        </test-method> <!-- openBrowser -->
        <test-method status="PASS" signature="verifyTitle()[pri:0, instance:testPkg.HomepageTest@77b52d12]" name="verifyTitle" duration-ms="19" started-at="2016-04-26T17:40:07Z" finished-at="2016-04-26T17:40:08Z">
          <reporter-output>
          </reporter-output>
        </test-method> <!-- verifyTitle -->
        <test-method status="PASS" signature="tearDown(org.testng.ITestResult)[pri:0, instance:testPkg.HomepageTest@77b52d12]" name="tearDown" is-config="true" duration-ms="699" started-at="2016-04-26T17:40:08Z" finished-at="2016-04-26T17:40:08Z">
          <params>
            <param index="0">
              <value>
                <![CDATA[[TestResult name=verifyTitle status=SUCCESS method=HomepageTest.verifyTitle()[pri:0, instance:testPkg.HomepageTest@77b52d12] output={null}]]]>
              </value>
            </param>
          </params>
          <reporter-output>
          </reporter-output>
        </test-method> <!-- tearDown -->
        <test-method status="PASS" signature="closeBrowser()[pri:0, instance:testPkg.HomepageTest@77b52d12]" name="closeBrowser" is-config="true" duration-ms="1309" started-at="2016-04-26T17:40:08Z" finished-at="2016-04-26T17:40:10Z">
          <reporter-output>
          </reporter-output>
        </test-method> <!-- closeBrowser -->
      </class> <!-- testPkg.HomepageTest -->
    </test> <!-- Default test -->
  </suite> <!-- Default suite -->
</testng-results>
